<?xml version="1.0" encoding="UTF-8"?>
<testsuite name="edu.jsu.mcis.ConnectFourTest" tests="3" skipped="0" failures="0" errors="0" timestamp="2015-02-27T20:04:46" hostname="WINDOWS-LJ5NMKH" time="0.018">
  <properties/>
  <testcase name="testNewGameBoardShouldBeEmpty" classname="edu.jsu.mcis.ConnectFourTest" time="0.013"/>
  <testcase name="testDroppingOnAFullColumnShouldThrowException" classname="edu.jsu.mcis.ConnectFourTest" time="0.001"/>
  <testcase name="testDropRedTokenInThirdColumnTheBlackTokenOnTopOfIt" classname="edu.jsu.mcis.ConnectFourTest" time="0.001"/>
  <system-out><![CDATA[]]></system-out>
  <system-err><![CDATA[]]></system-err>
</testsuite>
